Project/app/build/intermediates/manifest_merge_blame_file/debug/manifest-merger-blame-debug-report.txt
1<?xml version="1.0" encoding="utf-8"?>
2<manifest xmlns:android="http://schemas.android.com/apk/res/android"
3    package="com.example.project"
4    android:versionCode="1"
5    android:versionName="1.0" >
6
7    <uses-sdk
8        android:minSdkVersion="21"
8-->src/main/AndroidManifest.xml
9        android:targetSdkVersion="32" />
9-->src/main/AndroidManifest.xml
10
11    <!-- Although the *SdkVersion is captured in gradle build files, this is required for non gradle builds -->
12    <!-- <uses-sdk android:minSdkVersion="14"/> -->
13    <uses-permission android:name="android.permission.ACCESS_NETWORK_STATE" />
13-->[com.google.firebase:firebase-database:20.1.0] AndroidManifest.xml:24:5-79
13-->[com.google.firebase:firebase-database:20.1.0] AndroidManifest.xml:24:22-76
14    <uses-permission android:name="android.permission.INTERNET" />
14-->[com.google.firebase:firebase-database:20.1.0] AndroidManifest.xml:25:5-67
14-->[com.google.firebase:firebase-database:20.1.0] AndroidManifest.xml:25:22-64
15
16    <application
16-->src/main/AndroidManifest.xml:5:5-224:19
17        android:allowBackup="true"
17-->src/main/AndroidManifest.xml:6:9-35
18        android:appComponentFactory="androidx.core.app.CoreComponentFactory"
18-->[androidx.core:core:1.8.0] AndroidManifest.xml:24:18-86
19        android:dataExtractionRules="@xml/data_extraction_rules"
19-->src/main/AndroidManifest.xml:7:9-65
20        android:debuggable="true"
21        android:fullBackupContent="@xml/backup_rules"
21-->src/main/AndroidManifest.xml:8:9-54
22        android:icon="@mipmap/ic_launcher"
22-->src/main/AndroidManifest.xml:9:9-43
23        android:label="@string/app_name"
23-->src/main/AndroidManifest.xml:10:9-41
24        android:roundIcon="@mipmap/ic_launcher_round"
24-->src/main/AndroidManifest.xml:11:9-54
25        android:supportsRtl="true"
25-->src/main/AndroidManifest.xml:12:9-35
26        android:testOnly="true"
27        android:theme="@style/Theme.Project" >
27-->src/main/AndroidManifest.xml:13:9-45
28        <activity
28-->src/main/AndroidManifest.xml:15:9-21:20
29            android:name="com.example.project.cookinfo_cuisinier"
29-->src/main/AndroidManifest.xml:16:13-47
30            android:exported="false" >
30-->src/main/AndroidManifest.xml:17:13-37
31            <meta-data
31-->src/main/AndroidManifest.xml:18:13-20:36
32                android:name="android.app.lib_name"
32-->src/main/AndroidManifest.xml:19:17-52
33                android:value="" />
33-->src/main/AndroidManifest.xml:20:17-33
34        </activity>
35        <activity
35-->src/main/AndroidManifest.xml:22:9-28:20
36            android:name="com.example.project.orders_cuisinier"
36-->src/main/AndroidManifest.xml:23:13-45
37            android:exported="false" >
37-->src/main/AndroidManifest.xml:24:13-37
38            <meta-data
38-->src/main/AndroidManifest.xml:18:13-20:36
39                android:name="android.app.lib_name"
39-->src/main/AndroidManifest.xml:19:17-52
40                android:value="" />
40-->src/main/AndroidManifest.xml:20:17-33
41        </activity>
42        <activity
42-->src/main/AndroidManifest.xml:29:9-35:20
43            android:name="com.example.project.Commande_list_cuisinier"
43-->src/main/AndroidManifest.xml:30:13-52
44            android:exported="false" >
44-->src/main/AndroidManifest.xml:31:13-37
45            <meta-data
45-->src/main/AndroidManifest.xml:18:13-20:36
46                android:name="android.app.lib_name"
46-->src/main/AndroidManifest.xml:19:17-52
47                android:value="" />
47-->src/main/AndroidManifest.xml:20:17-33
48        </activity>
49        <activity
49-->src/main/AndroidManifest.xml:36:9-42:20
50            android:name="com.example.project.evaluation_cuisinier"
50-->src/main/AndroidManifest.xml:37:13-49
51            android:exported="false" >
51-->src/main/AndroidManifest.xml:38:13-37
52            <meta-data
52-->src/main/AndroidManifest.xml:18:13-20:36
53                android:name="android.app.lib_name"
53-->src/main/AndroidManifest.xml:19:17-52
54                android:value="" />
54-->src/main/AndroidManifest.xml:20:17-33
55        </activity>
56        <activity
56-->src/main/AndroidManifest.xml:43:9-49:20
57            android:name="com.example.project.cookInfo"
57-->src/main/AndroidManifest.xml:44:13-37
58            android:exported="false" >
58-->src/main/AndroidManifest.xml:45:13-37
59            <meta-data
59-->src/main/AndroidManifest.xml:18:13-20:36
60                android:name="android.app.lib_name"
60-->src/main/AndroidManifest.xml:19:17-52
61                android:value="" />
61-->src/main/AndroidManifest.xml:20:17-33
62        </activity>
63        <activity
63-->src/main/AndroidManifest.xml:50:9-56:20
64            android:name="com.example.project.createOrder"
64-->src/main/AndroidManifest.xml:51:13-40
65            android:exported="false" >
65-->src/main/AndroidManifest.xml:52:13-37
66            <meta-data
66-->src/main/AndroidManifest.xml:18:13-20:36
67                android:name="android.app.lib_name"
67-->src/main/AndroidManifest.xml:19:17-52
68                android:value="" />
68-->src/main/AndroidManifest.xml:20:17-33
69        </activity>
70        <activity
70-->src/main/AndroidManifest.xml:57:9-63:20
71            android:name="com.example.project.createComplaint"
71-->src/main/AndroidManifest.xml:58:13-44
72            android:exported="false" >
72-->src/main/AndroidManifest.xml:59:13-37
73            <meta-data
73-->src/main/AndroidManifest.xml:18:13-20:36
74                android:name="android.app.lib_name"
74-->src/main/AndroidManifest.xml:19:17-52
75                android:value="" />
75-->src/main/AndroidManifest.xml:20:17-33
76        </activity>
77        <activity
77-->src/main/AndroidManifest.xml:64:9-70:20
78            android:name="com.example.project.Rechercher_result"
78-->src/main/AndroidManifest.xml:65:13-46
79            android:exported="false" >
79-->src/main/AndroidManifest.xml:66:13-37
80            <meta-data
80-->src/main/AndroidManifest.xml:18:13-20:36
81                android:name="android.app.lib_name"
81-->src/main/AndroidManifest.xml:19:17-52
82                android:value="" />
82-->src/main/AndroidManifest.xml:20:17-33
83        </activity>
84        <activity
84-->src/main/AndroidManifest.xml:71:9-77:20
85            android:name="com.example.project.Recherche_client"
85-->src/main/AndroidManifest.xml:72:13-45
86            android:exported="false" >
86-->src/main/AndroidManifest.xml:73:13-37
87            <meta-data
87-->src/main/AndroidManifest.xml:18:13-20:36
88                android:name="android.app.lib_name"
88-->src/main/AndroidManifest.xml:19:17-52
89                android:value="" />
89-->src/main/AndroidManifest.xml:20:17-33
90        </activity>
91        <activity
91-->src/main/AndroidManifest.xml:78:9-84:20
92            android:name="com.example.project.order_list_view"
92-->src/main/AndroidManifest.xml:79:13-44
93            android:exported="false" >
93-->src/main/AndroidManifest.xml:80:13-37
94            <meta-data
94-->src/main/AndroidManifest.xml:18:13-20:36
95                android:name="android.app.lib_name"
95-->src/main/AndroidManifest.xml:19:17-52
96                android:value="" />
96-->src/main/AndroidManifest.xml:20:17-33
97        </activity>
98        <activity
98-->src/main/AndroidManifest.xml:85:9-91:20
99            android:name="com.example.project.orders"
99-->src/main/AndroidManifest.xml:86:13-35
100            android:exported="false" >
100-->src/main/AndroidManifest.xml:87:13-37
101            <meta-data
101-->src/main/AndroidManifest.xml:18:13-20:36
102                android:name="android.app.lib_name"
102-->src/main/AndroidManifest.xml:19:17-52
103                android:value="" />
103-->src/main/AndroidManifest.xml:20:17-33
104        </activity>
105        <activity
105-->src/main/AndroidManifest.xml:92:9-98:20
106            android:name="com.example.project.order"
106-->src/main/AndroidManifest.xml:93:13-34
107            android:exported="false" >
107-->src/main/AndroidManifest.xml:94:13-37
108            <meta-data
108-->src/main/AndroidManifest.xml:18:13-20:36
109                android:name="android.app.lib_name"
109-->src/main/AndroidManifest.xml:19:17-52
110                android:value="" />
110-->src/main/AndroidManifest.xml:20:17-33
111        </activity>
112        <activity
112-->src/main/AndroidManifest.xml:99:9-105:20
113            android:name="com.example.project.repa_offert"
113-->src/main/AndroidManifest.xml:100:13-40
114            android:exported="false" >
114-->src/main/AndroidManifest.xml:101:13-37
115            <meta-data
115-->src/main/AndroidManifest.xml:18:13-20:36
116                android:name="android.app.lib_name"
116-->src/main/AndroidManifest.xml:19:17-52
117                android:value="" />
117-->src/main/AndroidManifest.xml:20:17-33
118        </activity>
119        <activity
119-->src/main/AndroidManifest.xml:106:9-112:20
120            android:name="com.example.project.Repas"
120-->src/main/AndroidManifest.xml:107:13-34
121            android:exported="false" >
121-->src/main/AndroidManifest.xml:108:13-37
122            <meta-data
122-->src/main/AndroidManifest.xml:18:13-20:36
123                android:name="android.app.lib_name"
123-->src/main/AndroidManifest.xml:19:17-52
124                android:value="" />
124-->src/main/AndroidManifest.xml:20:17-33
125        </activity>
126        <activity
126-->src/main/AndroidManifest.xml:113:9-119:20
127            android:name="com.example.project.add_dish"
127-->src/main/AndroidManifest.xml:114:13-37
128            android:exported="false" >
128-->src/main/AndroidManifest.xml:115:13-37
129            <meta-data
129-->src/main/AndroidManifest.xml:18:13-20:36
130                android:name="android.app.lib_name"
130-->src/main/AndroidManifest.xml:19:17-52
131                android:value="" />
131-->src/main/AndroidManifest.xml:20:17-33
132        </activity>
133        <activity
133-->src/main/AndroidManifest.xml:120:9-126:20
134            android:name="com.example.project.administrateur_sign_in"
134-->src/main/AndroidManifest.xml:121:13-51
135            android:exported="false" >
135-->src/main/AndroidManifest.xml:122:13-37
136            <meta-data
136-->src/main/AndroidManifest.xml:18:13-20:36
137                android:name="android.app.lib_name"
137-->src/main/AndroidManifest.xml:19:17-52
138                android:value="" />
138-->src/main/AndroidManifest.xml:20:17-33
139        </activity>
140        <activity
140-->src/main/AndroidManifest.xml:127:9-133:20
141            android:name="com.example.project.cuisinier_sign_in"
141-->src/main/AndroidManifest.xml:128:13-46
142            android:exported="false" >
142-->src/main/AndroidManifest.xml:129:13-37
143            <meta-data
143-->src/main/AndroidManifest.xml:18:13-20:36
144                android:name="android.app.lib_name"
144-->src/main/AndroidManifest.xml:19:17-52
145                android:value="" />
145-->src/main/AndroidManifest.xml:20:17-33
146        </activity>
147        <activity
147-->src/main/AndroidManifest.xml:134:9-140:20
148            android:name="com.example.project.client_sign_in"
148-->src/main/AndroidManifest.xml:135:13-43
149            android:exported="false" >
149-->src/main/AndroidManifest.xml:136:13-37
150            <meta-data
150-->src/main/AndroidManifest.xml:18:13-20:36
151                android:name="android.app.lib_name"
151-->src/main/AndroidManifest.xml:19:17-52
152                android:value="" />
152-->src/main/AndroidManifest.xml:20:17-33
153        </activity>
154        <activity
154-->src/main/AndroidManifest.xml:141:9-147:20
155            android:name="com.example.project.Main_page"
155-->src/main/AndroidManifest.xml:142:13-38
156            android:exported="true" >
156-->src/main/AndroidManifest.xml:143:13-36
157            <meta-data
157-->src/main/AndroidManifest.xml:18:13-20:36
158                android:name="android.app.lib_name"
158-->src/main/AndroidManifest.xml:19:17-52
159                android:value="" />
159-->src/main/AndroidManifest.xml:20:17-33
160        </activity>
161        <activity
161-->src/main/AndroidManifest.xml:148:9-154:20
162            android:name="com.example.project.Menu_cuisinier"
162-->src/main/AndroidManifest.xml:149:13-43
163            android:exported="false" >
163-->src/main/AndroidManifest.xml:150:13-37
164            <meta-data
164-->src/main/AndroidManifest.xml:18:13-20:36
165                android:name="android.app.lib_name"
165-->src/main/AndroidManifest.xml:19:17-52
166                android:value="" />
166-->src/main/AndroidManifest.xml:20:17-33
167        </activity>
168        <activity
168-->src/main/AndroidManifest.xml:155:9-161:20
169            android:name="com.example.project.menu_displayed"
169-->src/main/AndroidManifest.xml:156:13-43
170            android:exported="false" >
170-->src/main/AndroidManifest.xml:157:13-37
171            <meta-data
171-->src/main/AndroidManifest.xml:18:13-20:36
172                android:name="android.app.lib_name"
172-->src/main/AndroidManifest.xml:19:17-52
173                android:value="" />
173-->src/main/AndroidManifest.xml:20:17-33
174        </activity>
175        <activity
175-->src/main/AndroidManifest.xml:162:9-168:20
176            android:name="com.example.project.inscrire_cuisinier"
176-->src/main/AndroidManifest.xml:163:13-47
177            android:exported="true" >
177-->src/main/AndroidManifest.xml:164:13-36
178            <meta-data
178-->src/main/AndroidManifest.xml:18:13-20:36
179                android:name="android.app.lib_name"
179-->src/main/AndroidManifest.xml:19:17-52
180                android:value="" />
180-->src/main/AndroidManifest.xml:20:17-33
181        </activity>
182        <activity
182-->src/main/AndroidManifest.xml:169:9-175:20
183            android:name="com.example.project.inscrire_client"
183-->src/main/AndroidManifest.xml:170:13-44
184            android:exported="true" >
184-->src/main/AndroidManifest.xml:171:13-36
185            <meta-data
185-->src/main/AndroidManifest.xml:18:13-20:36
186                android:name="android.app.lib_name"
186-->src/main/AndroidManifest.xml:19:17-52
187                android:value="" />
187-->src/main/AndroidManifest.xml:20:17-33
188        </activity>
189        <activity
189-->src/main/AndroidManifest.xml:176:9-182:20
190            android:name="com.example.project.Bienvenue_cuisinier"
190-->src/main/AndroidManifest.xml:177:13-48
191            android:exported="false" >
191-->src/main/AndroidManifest.xml:178:13-37
192            <meta-data
192-->src/main/AndroidManifest.xml:18:13-20:36
193                android:name="android.app.lib_name"
193-->src/main/AndroidManifest.xml:19:17-52
194                android:value="" />
194-->src/main/AndroidManifest.xml:20:17-33
195        </activity>
196        <activity
196-->src/main/AndroidManifest.xml:183:9-189:20
197            android:name="com.example.project.Bienvenue_client"
197-->src/main/AndroidManifest.xml:184:13-45
198            android:exported="false" >
198-->src/main/AndroidManifest.xml:185:13-37
199            <meta-data
199-->src/main/AndroidManifest.xml:18:13-20:36
200                android:name="android.app.lib_name"
200-->src/main/AndroidManifest.xml:19:17-52
201                android:value="" />
201-->src/main/AndroidManifest.xml:20:17-33
202        </activity>
203        <activity
203-->src/main/AndroidManifest.xml:190:9-196:20
204            android:name="com.example.project.ban2days"
204-->src/main/AndroidManifest.xml:191:13-37
205            android:exported="false" >
205-->src/main/AndroidManifest.xml:192:13-37
206            <meta-data
206-->src/main/AndroidManifest.xml:18:13-20:36
207                android:name="android.app.lib_name"
207-->src/main/AndroidManifest.xml:19:17-52
208                android:value="" />
208-->src/main/AndroidManifest.xml:20:17-33
209        </activity>
210        <activity
210-->src/main/AndroidManifest.xml:197:9-203:20
211            android:name="com.example.project.Banning"
211-->src/main/AndroidManifest.xml:198:13-36
212            android:exported="false" >
212-->src/main/AndroidManifest.xml:199:13-37
213            <meta-data
213-->src/main/AndroidManifest.xml:18:13-20:36
214                android:name="android.app.lib_name"
214-->src/main/AndroidManifest.xml:19:17-52
215                android:value="" />
215-->src/main/AndroidManifest.xml:20:17-33
216        </activity>
217        <activity
217-->src/main/AndroidManifest.xml:204:9-210:20
218            android:name="com.example.project.ComplaintActivity"
218-->src/main/AndroidManifest.xml:205:13-46
219            android:exported="false" >
219-->src/main/AndroidManifest.xml:206:13-37
220            <meta-data
220-->src/main/AndroidManifest.xml:18:13-20:36
221                android:name="android.app.lib_name"
221-->src/main/AndroidManifest.xml:19:17-52
222                android:value="" />
222-->src/main/AndroidManifest.xml:20:17-33
223        </activity>
224        <activity
224-->src/main/AndroidManifest.xml:211:9-223:20
225            android:name="com.example.project.AdminHome"
225-->src/main/AndroidManifest.xml:212:13-38
226            android:exported="true" >
226-->src/main/AndroidManifest.xml:213:13-36
227            <intent-filter>
227-->src/main/AndroidManifest.xml:214:13-218:29
228                <action android:name="android.intent.action.MAIN" />
228-->src/main/AndroidManifest.xml:215:17-69
228-->src/main/AndroidManifest.xml:215:25-66
229
230                <category android:name="android.intent.category.LAUNCHER" />
230-->src/main/AndroidManifest.xml:217:17-77
230-->src/main/AndroidManifest.xml:217:27-74
231            </intent-filter>
232
233            <meta-data
233-->src/main/AndroidManifest.xml:18:13-20:36
234                android:name="android.app.lib_name"
234-->src/main/AndroidManifest.xml:19:17-52
235                android:value="" />
235-->src/main/AndroidManifest.xml:20:17-33
236        </activity>
237
238        <service
238-->[com.google.firebase:firebase-database:20.1.0] AndroidManifest.xml:28:9-34:19
239            android:name="com.google.firebase.components.ComponentDiscoveryService"
239-->[com.google.firebase:firebase-database:20.1.0] AndroidManifest.xml:29:13-84
240            android:directBootAware="true"
240-->[com.google.firebase:firebase-common:20.2.0] AndroidManifest.xml:34:13-43
241            android:exported="false" >
241-->[com.google.firebase:firebase-database:20.1.0] AndroidManifest.xml:30:13-37
242            <meta-data
242-->[com.google.firebase:firebase-database:20.1.0] AndroidManifest.xml:31:13-33:85
243                android:name="com.google.firebase.components:com.google.firebase.database.DatabaseRegistrar"
243-->[com.google.firebase:firebase-database:20.1.0] AndroidManifest.xml:32:17-109
244                android:value="com.google.firebase.components.ComponentRegistrar" />
244-->[com.google.firebase:firebase-database:20.1.0] AndroidManifest.xml:33:17-82
245        </service>
246
247        <activity
247-->[com.google.android.gms:play-services-base:18.0.1] AndroidManifest.xml:20:9-22:45
248            android:name="com.google.android.gms.common.api.GoogleApiActivity"
248-->[com.google.android.gms:play-services-base:18.0.1] AndroidManifest.xml:20:19-85
249            android:exported="false"
249-->[com.google.android.gms:play-services-base:18.0.1] AndroidManifest.xml:22:19-43
250            android:theme="@android:style/Theme.Translucent.NoTitleBar" />
250-->[com.google.android.gms:play-services-base:18.0.1] AndroidManifest.xml:21:19-78
251
252        <provider
252-->[com.google.firebase:firebase-common:20.2.0] AndroidManifest.xml:25:9-30:39
253            android:name="com.google.firebase.provider.FirebaseInitProvider"
253-->[com.google.firebase:firebase-common:20.2.0] AndroidManifest.xml:26:13-77
254            android:authorities="com.example.project.firebaseinitprovider"
254-->[com.google.firebase:firebase-common:20.2.0] AndroidManifest.xml:27:13-72
255            android:directBootAware="true"
255-->[com.google.firebase:firebase-common:20.2.0] AndroidManifest.xml:28:13-43
256            android:exported="false"
256-->[com.google.firebase:firebase-common:20.2.0] AndroidManifest.xml:29:13-37
257            android:initOrder="100" />
257-->[com.google.firebase:firebase-common:20.2.0] AndroidManifest.xml:30:13-36
258
259        <meta-data
259-->[com.google.android.gms:play-services-basement:18.1.0] AndroidManifest.xml:21:9-23:69
260            android:name="com.google.android.gms.version"
260-->[com.google.android.gms:play-services-basement:18.1.0] AndroidManifest.xml:22:13-58
261            android:value="@integer/google_play_services_version" />
261-->[com.google.android.gms:play-services-basement:18.1.0] AndroidManifest.xml:23:13-66
262
263        <provider
263-->[androidx.emoji2:emoji2:1.2.0] AndroidManifest.xml:24:9-32:20
264            android:name="androidx.startup.InitializationProvider"
264-->[androidx.emoji2:emoji2:1.2.0] AndroidManifest.xml:25:13-67
265            android:authorities="com.example.project.androidx-startup"
265-->[androidx.emoji2:emoji2:1.2.0] AndroidManifest.xml:26:13-68
266            android:exported="false" >
266-->[androidx.emoji2:emoji2:1.2.0] AndroidManifest.xml:27:13-37
267            <meta-data
267-->[androidx.emoji2:emoji2:1.2.0] AndroidManifest.xml:29:13-31:52
268                android:name="androidx.emoji2.text.EmojiCompatInitializer"
268-->[androidx.emoji2:emoji2:1.2.0] AndroidManifest.xml:30:17-75
269                android:value="androidx.startup" />
269-->[androidx.emoji2:emoji2:1.2.0] AndroidManifest.xml:31:17-49
270            <meta-data
270-->[androidx.lifecycle:lifecycle-process:2.4.1] AndroidManifest.xml:31:13-33:52
271                android:name="androidx.lifecycle.ProcessLifecycleInitializer"
271-->[androidx.lifecycle:lifecycle-process:2.4.1] AndroidManifest.xml:32:17-78
272                android:value="androidx.startup" />
272-->[androidx.lifecycle:lifecycle-process:2.4.1] AndroidManifest.xml:33:17-49
273        </provider>
274    </application>
275
276</manifest>